<?xml version="1.0" encoding="UTF-8"?>
<testsuite name="it.unimi.di.sweng.temperature.model.FahrenheitScaleTest" tests="6" skipped="0" failures="0" errors="0" timestamp="2024-01-18T11:21:00" hostname="Martins-Air.wind3.hub" time="0.049">
  <properties/>
  <testcase name="[1] 0, 32" classname="it.unimi.di.sweng.temperature.model.FahrenheitScaleTest" time="0.037"/>
  <testcase name="[2] 21, 69.8" classname="it.unimi.di.sweng.temperature.model.FahrenheitScaleTest" time="0.001"/>
  <testcase name="[3] -7, 19.4" classname="it.unimi.di.sweng.temperature.model.FahrenheitScaleTest" time="0.001"/>
  <testcase name="[1] 0, 32" classname="it.unimi.di.sweng.temperature.model.FahrenheitScaleTest" time="0.001"/>
  <testcase name="[2] 21, 69.8" classname="it.unimi.di.sweng.temperature.model.FahrenheitScaleTest" time="0.001"/>
  <testcase name="[3] -7, 19.4" classname="it.unimi.di.sweng.temperature.model.FahrenheitScaleTest" time="0.001"/>
  <system-out><![CDATA[]]></system-out>
  <system-err><![CDATA[]]></system-err>
</testsuite>
