<?xml version="1.0" encoding="UTF-8"?>
<testsuite name="it.unimi.di.sweng.temperature.model.PresenterTest" tests="1" skipped="0" failures="0" errors="0" timestamp="2024-01-18T11:25:55" hostname="Martins-Air.wind3.hub" time="0.49">
  <properties/>
  <testcase name="updateTest()" classname="it.unimi.di.sweng.temperature.model.PresenterTest" time="0.49"/>
  <system-out><![CDATA[]]></system-out>
  <system-err><![CDATA[]]></system-err>
</testsuite>
